[2025-12-11 18:08:16] [INFO] Iniciando carga histórica de TIIE desde 2025-12-01
[2025-12-11 18:08:16] [INFO] Consultando históricos de tiie desde 2025-12-01 hasta 2025-12-11
[2025-12-11 19:38:56] [INFO] Iniciando carga histórica de TIIE desde 2025-12-01
[2025-12-11 19:38:56] [INFO] Consultando históricos de tiie desde 2025-12-01 hasta 2025-12-11
[2025-12-11 19:38:57] [INFO] Obtenidos 9 registros de TIIE
[2025-12-11 19:38:57] [INFO] Insertados 0 registros de TIIE
[2025-12-11 19:38:57] [INFO] Insertados 0 registros de TIIE
[2025-12-11 19:38:57] [INFO] Insertados 0 registros de TIIE
[2025-12-11 19:38:57] [INFO] Insertados 0 registros de TIIE
[2025-12-11 19:38:57] [INFO] Insertados 0 registros de TIIE
[2025-12-11 19:38:57] [INFO] Insertados 0 registros de TIIE
[2025-12-11 19:38:57] [INFO] Insertados 0 registros de TIIE
[2025-12-11 19:38:57] [INFO] Insertados 0 registros de TIIE
[2025-12-11 19:38:57] [INFO] Insertados 0 registros de TIIE
[2025-12-11 19:38:57] [INFO] ✅ Carga de TIIE completada: 0 insertados, 0 omitidos
[2025-12-11 18:59:39] [INFO] Iniciando carga histórica de TIIE desde 2025-12-01
[2025-12-11 18:59:39] [INFO] Consultando históricos de tiie desde 2025-12-01 hasta 2025-12-11
[2025-12-11 19:01:58] [INFO] Iniciando carga histórica de TIIE desde 2025-12-01
[2025-12-11 19:01:58] [INFO] Consultando históricos de tiie desde 2025-12-01 hasta 2025-12-11
[2025-12-11 19:02:09] [INFO] Iniciando carga histórica de TIIE desde 2025-12-01
[2025-12-11 19:02:09] [INFO] Consultando históricos de tiie desde 2025-12-01 hasta 2025-12-11
[2025-12-11 19:11:24] [INFO] Iniciando carga histórica de TIIE desde 2025-12-01
[2025-12-11 19:11:24] [INFO] Consultando históricos de tiie desde 2025-12-01 hasta 2025-12-11
[2025-12-11 19:11:32] [INFO] Iniciando carga histórica de TIIE desde 2025-12-01
[2025-12-11 19:11:32] [INFO] Consultando históricos de tiie desde 2025-12-01 hasta 2025-12-11
[2025-12-11 19:16:23] [INFO] Iniciando carga histórica de TIIE desde 2025-12-01
[2025-12-11 19:16:23] [INFO] Consultando históricos de tiie desde 2025-12-01 hasta 2025-12-11
[2025-12-11 19:19:37] [INFO] Iniciando carga histórica de TIIE desde 2025-12-01
[2025-12-11 19:19:37] [INFO] Consultando históricos de tiie desde 2025-12-01 hasta 2025-12-11
[2025-12-11 20:50:56] [INFO] Iniciando carga histórica de TIIE desde 2025-12-01
[2025-12-11 20:50:56] [INFO] Consultando históricos de tiie desde 2025-12-01 hasta 2025-12-11
[2025-12-11 20:50:57] [INFO] Obtenidos 9 registros de TIIE
[2025-12-11 20:50:57] [INFO] Insertados 0 registros de TIIE
[2025-12-11 20:50:57] [INFO] Insertados 0 registros de TIIE
[2025-12-11 20:50:57] [INFO] Insertados 0 registros de TIIE
[2025-12-11 20:50:57] [INFO] Insertados 0 registros de TIIE
[2025-12-11 20:50:57] [INFO] Insertados 0 registros de TIIE
[2025-12-11 20:50:57] [INFO] Insertados 0 registros de TIIE
[2025-12-11 20:50:57] [INFO] Insertados 0 registros de TIIE
[2025-12-11 20:50:57] [INFO] Insertados 0 registros de TIIE
[2025-12-11 20:50:57] [INFO] Insertados 0 registros de TIIE
[2025-12-11 20:50:57] [INFO] ✅ Carga de TIIE completada: 0 insertados, 0 omitidos
